2025-05-30 19:42:38,521 - TradingSignalEmitter - INFO - Trading Signal Emitter gestartet
2025-05-30 19:56:11,878 - TradingSignalEmitter - ERROR - Redis-Verbindungsfehler: Error -2 connecting to redis:6379. Name or service not known.
2025-05-30 19:56:11,878 - root - CRITICAL - Start fehlgeschlagen: Error -2 connecting to redis:6379. Name or service not known.
Traceback (most recent call last):
  File "/opt/coreflow/.venv/lib/python3.12/site-packages/redis/connection.py", line 385, in connect_check_health
    sock = self.retry.call_with_retry(
           ^^^^^^^^^^^^^^^^^^^^^^^^^^^
  File "/opt/coreflow/.venv/lib/python3.12/site-packages/redis/retry.py", line 87, in call_with_retry
    return do()
           ^^^^
  File "/opt/coreflow/.venv/lib/python3.12/site-packages/redis/connection.py", line 386, in <lambda>
    lambda: self._connect(), lambda error: self.disconnect(error)
            ^^^^^^^^^^^^^^^
  File "/opt/coreflow/.venv/lib/python3.12/site-packages/redis/connection.py", line 761, in _connect
    for res in socket.getaddrinfo(
               ^^^^^^^^^^^^^^^^^^^
  File "/usr/lib/python3.12/socket.py", line 963, in getaddrinfo
    for res in _socket.getaddrinfo(host, port, family, type, proto, flags):
               ^^^^^^^^^^^^^^^^^^^^^^^^^^^^^^^^^^^^^^^^^^^^^^^^^^^^^^^^^^^
socket.gaierror: [Errno -2] Name or service not known

During handling of the above exception, another exception occurred:

Traceback (most recent call last):
  File "/opt/coreflow/emitter/TradingSignalEmitter.py", line 213, in <module>
    emitter = TradingSignalEmitter(
              ^^^^^^^^^^^^^^^^^^^^^
  File "/opt/coreflow/emitter/TradingSignalEmitter.py", line 42, in __init__
    self._check_redis_connection()
  File "/opt/coreflow/emitter/TradingSignalEmitter.py", line 47, in _check_redis_connection
    if self.redis.ping():
       ^^^^^^^^^^^^^^^^^
  File "/opt/coreflow/.venv/lib/python3.12/site-packages/redis/commands/core.py", line 1219, in ping
    return self.execute_command("PING", **kwargs)
           ^^^^^^^^^^^^^^^^^^^^^^^^^^^^^^^^^^^^^^
  File "/opt/coreflow/.venv/lib/python3.12/site-packages/redis/client.py", line 622, in execute_command
    return self._execute_command(*args, **options)
           ^^^^^^^^^^^^^^^^^^^^^^^^^^^^^^^^^^^^^^^
  File "/opt/coreflow/.venv/lib/python3.12/site-packages/redis/client.py", line 628, in _execute_command
    conn = self.connection or pool.get_connection()
                              ^^^^^^^^^^^^^^^^^^^^^
  File "/opt/coreflow/.venv/lib/python3.12/site-packages/redis/utils.py", line 188, in wrapper
    return func(*args, **kwargs)
           ^^^^^^^^^^^^^^^^^^^^^
  File "/opt/coreflow/.venv/lib/python3.12/site-packages/redis/connection.py", line 1522, in get_connection
    connection.connect()
  File "/opt/coreflow/.venv/lib/python3.12/site-packages/redis/connection.py", line 379, in connect
    self.connect_check_health(check_health=True)
  File "/opt/coreflow/.venv/lib/python3.12/site-packages/redis/connection.py", line 391, in connect_check_health
    raise ConnectionError(self._error_message(e))
redis.exceptions.ConnectionError: Error -2 connecting to redis:6379. Name or service not known.
2025-05-30 20:00:50,613 - TradingSignalEmitter - INFO - Logging erfolgreich initialisiert
2025-05-30 20:00:50,613 - TradingSignalEmitter - INFO - Verzeichnisse erstellt: /opt/coreflow/signals, /opt/coreflow/logs
2025-05-30 20:00:59,155 - TradingSignalEmitter - WARNING - Redis-Verbindungsfehler: Authentication required.
2025-05-30 20:00:59,155 - TradingSignalEmitter - INFO - Signal Emitter gestartet (Interval: 10s)
2025-05-30 20:00:59,156 - TradingSignalEmitter - INFO - Signal erzeugt: heartbeat SYSTEM
2025-05-30 20:00:59,156 - TradingSignalEmitter - INFO - Signal erzeugt: sell BTC-USD
2025-05-30 20:00:59,157 - TradingSignalEmitter - INFO - Signal erzeugt: sell ETH-USD
2025-05-30 20:00:59,157 - TradingSignalEmitter - INFO - Signal erzeugt: sell XRP-USD
2025-05-30 20:01:09,157 - TradingSignalEmitter - INFO - Signal erzeugt: heartbeat SYSTEM
2025-05-30 20:01:09,158 - TradingSignalEmitter - INFO - Signal erzeugt: sell BTC-USD
2025-05-30 20:01:09,158 - TradingSignalEmitter - INFO - Signal erzeugt: sell ETH-USD
2025-05-30 20:01:09,158 - TradingSignalEmitter - INFO - Signal erzeugt: sell XRP-USD
2025-05-30 20:01:13,183 - TradingSignalEmitter - INFO - Signal Emitter gestoppt
2025-05-30 20:48:57,021 - TradingSignalEmitter - INFO - Logging erfolgreich initialisiert
2025-05-30 20:48:57,021 - TradingSignalEmitter - INFO - Verzeichnisse erstellt: /opt/coreflow/signals, /opt/coreflow/logs
2025-05-30 20:48:57,022 - TradingSignalEmitter - INFO - Erfolgreich mit Redis verbunden (localhost:6379)
2025-05-30 20:48:57,022 - TradingSignalEmitter - INFO - Signal Emitter gestartet (Interval: 10s)
2025-05-30 20:48:57,023 - TradingSignalEmitter - INFO - Signal erzeugt: heartbeat SYSTEM
2025-05-30 20:49:07,025 - TradingSignalEmitter - INFO - Signal erzeugt: heartbeat SYSTEM
2025-05-30 20:49:13,121 - TradingSignalEmitter - INFO - Signal Emitter gestoppt
2025-05-30 20:51:11,568 - TradingSignalEmitter - INFO - Logging erfolgreich initialisiert
2025-05-30 20:51:11,568 - TradingSignalEmitter - INFO - Verzeichnisse erstellt: /opt/coreflow/signals, /opt/coreflow/logs
2025-05-30 20:51:11,569 - TradingSignalEmitter - INFO - Erfolgreich mit Redis verbunden (localhost:6379)
2025-05-30 20:51:11,569 - TradingSignalEmitter - INFO - Signal Emitter gestartet (Interval: 10s)
2025-05-30 20:51:11,569 - TradingSignalEmitter - INFO - Signal erzeugt: heartbeat SYSTEM
2025-05-30 20:51:21,571 - TradingSignalEmitter - INFO - Signal erzeugt: heartbeat SYSTEM
2025-05-30 20:51:31,573 - TradingSignalEmitter - INFO - Signal erzeugt: heartbeat SYSTEM
2025-05-30 20:51:41,576 - TradingSignalEmitter - INFO - Signal erzeugt: heartbeat SYSTEM
2025-05-30 20:51:47,535 - TradingSignalEmitter - INFO - Signal Emitter gestoppt
2025-05-30 20:54:24,369 - TradingSignalEmitter - INFO - Logging erfolgreich initialisiert
2025-05-30 20:54:24,369 - TradingSignalEmitter - INFO - Verzeichnisse erstellt: /opt/coreflow/signals, /opt/coreflow/logs
2025-05-30 20:54:24,370 - TradingSignalEmitter - INFO - Erfolgreich mit Redis verbunden (localhost:6379)
2025-05-30 20:54:24,370 - TradingSignalEmitter - INFO - Signal Emitter gestartet (Interval: 10s)
2025-05-30 20:54:24,370 - TradingSignalEmitter - INFO - Signal erzeugt: heartbeat SYSTEM
2025-05-30 20:54:34,373 - TradingSignalEmitter - INFO - Signal erzeugt: heartbeat SYSTEM
2025-05-30 20:54:41,523 - TradingSignalEmitter - INFO - Signal Emitter gestoppt
2025-05-30 21:07:53,109 - TradingSignalEmitter - INFO - Logging erfolgreich initialisiert
2025-05-30 21:07:53,109 - TradingSignalEmitter - INFO - Verzeichnisse erstellt: /opt/coreflow/signals, /opt/coreflow/logs
2025-05-30 21:07:53,110 - TradingSignalEmitter - WARNING - Redis-Verbindungsfehler: Authentication required.
2025-05-30 21:07:53,110 - TradingSignalEmitter - INFO - Signal Emitter gestartet (Interval: 10s)
2025-05-30 21:07:53,110 - TradingSignalEmitter - INFO - Signal erzeugt: heartbeat SYSTEM
2025-05-30 21:07:53,110 - TradingSignalEmitter - INFO - Signal erzeugt: sell BTC-USD
2025-05-30 21:07:53,110 - TradingSignalEmitter - INFO - Signal erzeugt: sell ETH-USD
2025-05-30 21:07:53,110 - TradingSignalEmitter - INFO - Signal erzeugt: sell XRP-USD
2025-05-30 21:08:03,111 - TradingSignalEmitter - INFO - Signal erzeugt: heartbeat SYSTEM
2025-05-30 21:08:03,112 - TradingSignalEmitter - INFO - Signal erzeugt: sell BTC-USD
2025-05-30 21:08:03,112 - TradingSignalEmitter - INFO - Signal erzeugt: sell ETH-USD
2025-05-30 21:08:03,113 - TradingSignalEmitter - INFO - Signal erzeugt: sell XRP-USD
2025-05-30 21:08:11,272 - TradingSignalEmitter - INFO - Signal Emitter gestoppt
2025-05-30 21:11:18,062 - TradingSignalEmitter - INFO - Logging erfolgreich initialisiert
2025-05-30 21:11:18,062 - TradingSignalEmitter - INFO - Verzeichnisse erstellt: /opt/coreflow/signals, /opt/coreflow/logs
2025-05-30 21:11:18,062 - TradingSignalEmitter - WARNING - Redis-Verbindungsfehler: Authentication required.
2025-05-30 21:11:18,063 - TradingSignalEmitter - INFO - Signal Emitter gestartet (Interval: 10s)
2025-05-30 21:11:18,063 - TradingSignalEmitter - INFO - Signal erzeugt: heartbeat SYSTEM
2025-05-30 21:11:18,063 - TradingSignalEmitter - INFO - Signal erzeugt: sell BTC-USD
2025-05-30 21:11:18,063 - TradingSignalEmitter - INFO - Signal erzeugt: sell ETH-USD
2025-05-30 21:11:18,063 - TradingSignalEmitter - INFO - Signal erzeugt: sell XRP-USD
2025-05-30 21:11:28,064 - TradingSignalEmitter - INFO - Signal erzeugt: heartbeat SYSTEM
2025-05-30 21:11:28,064 - TradingSignalEmitter - INFO - Signal erzeugt: sell BTC-USD
2025-05-30 21:11:28,065 - TradingSignalEmitter - INFO - Signal erzeugt: sell ETH-USD
2025-05-30 21:11:28,065 - TradingSignalEmitter - INFO - Signal erzeugt: sell XRP-USD
2025-05-30 21:11:32,149 - TradingSignalEmitter - INFO - Signal Emitter gestoppt
